ocr_ui/build/intermediates/manifest_merge_blame_file/debug/manifest-merger-blame-debug-report.txt
1<?xml version="1.0" encoding="utf-8"?>
2<!--   ~ Copyright (C) 2017 Baidu, Inc. All Rights Reserved. -->
3<manifest xmlns:android="http://schemas.android.com/apk/res/android"
4    package="com.baidu.ocr.ui"
5    android:versionCode="1"
6    android:versionName="1.0" >
7
8    <uses-sdk
9        android:minSdkVersion="14"
9-->src\main\AndroidManifest.xml
10        android:targetSdkVersion="29" />
10-->src\main\AndroidManifest.xml
11
12    <uses-permission android:name="android.permission.CAMERA" />
12-->src\main\AndroidManifest.xml:7:5-64
12-->src\main\AndroidManifest.xml:7:22-62
13    <uses-permission android:name="android.permission.READ_EXTERNAL_STORAGE" />
13-->src\main\AndroidManifest.xml:8:5-79
13-->src\main\AndroidManifest.xml:8:22-77
14    <uses-permission android:name="android.permission.WRITE_EXTERNAL_STORAGE" />
14-->src\main\AndroidManifest.xml:9:5-80
14-->src\main\AndroidManifest.xml:9:22-78
15
16    <uses-feature android:name="android.hardware.camera2.full" />
16-->src\main\AndroidManifest.xml:10:5-65
16-->src\main\AndroidManifest.xml:10:19-63
17    <uses-feature android:name="android.hardware.camera" />
17-->src\main\AndroidManifest.xml:11:5-59
17-->src\main\AndroidManifest.xml:11:19-57
18    <uses-feature android:name="android.hardware.camera.autofocus" />
18-->src\main\AndroidManifest.xml:12:5-70
18-->src\main\AndroidManifest.xml:12:19-67
19
20    <application
20-->src\main\AndroidManifest.xml:14:5-25:19
21        android:allowBackup="true"
21-->src\main\AndroidManifest.xml:14:18-44
22        android:icon="@mipmap/ic_launcher"
22-->src\main\AndroidManifest.xml:16:18-52
23        android:label="@string/app_name"
23-->src\main\AndroidManifest.xml:15:18-50
24        android:supportsRtl="true"
24-->src\main\AndroidManifest.xml:17:18-44
25        android:theme="@style/AppTheme"
25-->src\main\AndroidManifest.xml:19:18-49
26        android:vmSafeMode="true" >
26-->src\main\AndroidManifest.xml:18:18-43
27        <activity
27-->src\main\AndroidManifest.xml:21:9-23:85
28            android:name="com.baidu.ocr.ui.camera.CameraActivity"
28-->src\main\AndroidManifest.xml:21:19-72
29            android:configChanges="screenSize|orientation"
29-->src\main\AndroidManifest.xml:22:19-65
30            android:theme="@android:style/Theme.Holo.NoActionBar.Fullscreen" />
30-->src\main\AndroidManifest.xml:23:19-83
31    </application>
32
33</manifest>